This is pdfTeX, Version 3.14159265-2.6-1.40.21 (MiKTeX 20.6.29) (preloaded format=pdflatex 2020.7.21)  4 AUG 2020 18:54
entering extended mode
**c:/Users/Andrea/Desktop/Severstal_Segmentation/egpaper_final.tex
(c:/Users/Andrea/Desktop/Severstal_Segmentation/egpaper_final.tex
LaTeX2e <2020-02-02> patch level 5
L3 programming layer <2020-07-17> (C:\Users\Andrea\AppData\Local\Programs\MiKTeX\tex/latex/base\article.cls
Document Class: article 2019/12/20 v1.4l Standard LaTeX document class
(C:\Users\Andrea\AppData\Local\Programs\MiKTeX\tex/latex/base\size10.clo
File: size10.clo 2019/12/20 v1.4l Standard LaTeX file (size option)
)
\c@part=\count168
\c@section=\count169
\c@subsection=\count170
\c@subsubsection=\count171
\c@paragraph=\count172
\c@subparagraph=\count173
\c@figure=\count174
\c@table=\count175
\abovecaptionskip=\skip47
\belowcaptionskip=\skip48
\bibindent=\dimen134
) (cvpr.sty (eso-pic.sty
Package: eso-pic 2002/11/16 v1.1b eso-pic (RN)
 (cvpr_eso.sty

LaTeX Warning: You have requested package `eso-pic',
               but the package provides `everyshi'.

Package: everyshi 2001/05/15 v3.00 EveryShipout Package (MS)
) (C:\Users\Andrea\AppData\Local\Programs\MiKTeX\tex/latex/graphics\keyval.sty
Package: keyval 2014/10/28 v1.15 key=value parser (DPC)
\KV@toks@=\toks15
)) (C:\Users\Andrea\AppData\Local\Programs\MiKTeX\tex/latex/tools\xspace.sty
Package: xspace 2014/10/28 v1.13 Space after command names (DPC,MH)
)
DL-IC 8.5 x 11-Inch Proceedings Style `cvpr.sty'.
\@ctmp=\skip49
\@figindent=\skip50
\cvprrulerbox=\box45
\cvprrulercount=\count176
\cvprruleroffset=\dimen135
\cv@lineheight=\dimen136
\cv@boxheight=\dimen137
\cv@tmpbox=\box46
\cv@refno=\count177
\cv@tot=\count178
\cv@tmpc@=\count179
\cv@tmpc=\count180
) (C:\Users\Andrea\AppData\Local\Programs\MiKTeX\tex/latex/psnfss\times.sty
Package: times 2020/03/25 PSNFSS-v9.3 (SPQR) 
) (C:\Users\Andrea\AppData\Local\Programs\MiKTeX\tex/latex/graphics\epsfig.sty
Package: epsfig 2017/06/25 v1.7b (e)psfig emulation (SPQR)
 (C:\Users\Andrea\AppData\Local\Programs\MiKTeX\tex/latex/graphics\graphicx.sty
Package: graphicx 2019/11/30 v1.2a Enhanced LaTeX Graphics (DPC,SPQR)
 (C:\Users\Andrea\AppData\Local\Programs\MiKTeX\tex/latex/graphics\graphics.sty
Package: graphics 2019/11/30 v1.4a Standard LaTeX Graphics (DPC,SPQR)
 (C:\Users\Andrea\AppData\Local\Programs\MiKTeX\tex/latex/graphics\trig.sty
Package: trig 2016/01/03 v1.10 sin cos tan (DPC)
) (C:\Users\Andrea\AppData\Local\Programs\MiKTeX\tex/latex/graphics-cfg\graphics.cfg
File: graphics.cfg 2016/06/04 v1.11 sample graphics configuration
)
Package graphics Info: Driver file: pdftex.def on input line 105.
 (C:\Users\Andrea\AppData\Local\Programs\MiKTeX\tex/latex/graphics-def\pdftex.def
File: pdftex.def 2018/01/08 v1.0l Graphics/color driver for pdftex
))
\Gin@req@height=\dimen138
\Gin@req@width=\dimen139
)
\epsfxsize=\dimen140
\epsfysize=\dimen141
) (C:\Users\Andrea\AppData\Local\Programs\MiKTeX\tex/latex/amsmath\amsmath.sty
Package: amsmath 2020/01/20 v2.17e AMS math features
\@mathmargin=\skip51

For additional information on amsmath, use the `?' option.
(C:\Users\Andrea\AppData\Local\Programs\MiKTeX\tex/latex/amsmath\amstext.sty
Package: amstext 2000/06/29 v2.01 AMS text
 (C:\Users\Andrea\AppData\Local\Programs\MiKTeX\tex/latex/amsmath\amsgen.sty
File: amsgen.sty 1999/11/30 v2.0 generic functions
\@emptytoks=\toks16
\ex@=\dimen142
)) (C:\Users\Andrea\AppData\Local\Programs\MiKTeX\tex/latex/amsmath\amsbsy.sty
Package: amsbsy 1999/11/29 v1.2d Bold Symbols
\pmbraise@=\dimen143
) (C:\Users\Andrea\AppData\Local\Programs\MiKTeX\tex/latex/amsmath\amsopn.sty
Package: amsopn 2016/03/08 v2.02 operator names
)
\inf@bad=\count181
LaTeX Info: Redefining \frac on input line 227.
\uproot@=\count182
\leftroot@=\count183
LaTeX Info: Redefining \overline on input line 389.
\classnum@=\count184
\DOTSCASE@=\count185
LaTeX Info: Redefining \ldots on input line 486.
LaTeX Info: Redefining \dots on input line 489.
LaTeX Info: Redefining \cdots on input line 610.
\Mathstrutbox@=\box47
\strutbox@=\box48
\big@size=\dimen144
LaTeX Font Info:    Redeclaring font encoding OML on input line 733.
LaTeX Font Info:    Redeclaring font encoding OMS on input line 734.
\macc@depth=\count186
\c@MaxMatrixCols=\count187
\dotsspace@=\muskip16
\c@parentequation=\count188
\dspbrk@lvl=\count189
\tag@help=\toks17
\row@=\count190
\column@=\count191
\maxfields@=\count192
\andhelp@=\toks18
\eqnshift@=\dimen145
\alignsep@=\dimen146
\tagshift@=\dimen147
\tagwidth@=\dimen148
\totwidth@=\dimen149
\lineht@=\dimen150
\@envbody=\toks19
\multlinegap=\skip52
\multlinetaggap=\skip53
\mathdisplay@stack=\toks20
LaTeX Info: Redefining \[ on input line 2859.
LaTeX Info: Redefining \] on input line 2860.
) (C:\Users\Andrea\AppData\Local\Programs\MiKTeX\tex/latex/amsfonts\amssymb.sty
Package: amssymb 2013/01/14 v3.01 AMS font symbols
 (C:\Users\Andrea\AppData\Local\Programs\MiKTeX\tex/latex/amsfonts\amsfonts.sty
Package: amsfonts 2013/01/14 v3.01 Basic AMSFonts support
\symAMSa=\mathgroup4
\symAMSb=\mathgroup5
LaTeX Font Info:    Redeclaring math symbol \hbar on input line 98.
LaTeX Font Info:    Overwriting math alphabet `\mathfrak' in version `bold'
(Font)                  U/euf/m/n --> U/euf/b/n on input line 106.
)) (C:\Users\Andrea\AppData\Local\Programs\MiKTeX\tex/latex/hyperref\hyperref.sty
Package: hyperref 2020-05-15 v7.00e Hypertext links for LaTeX
 (C:\Users\Andrea\AppData\Local\Programs\MiKTeX\tex/generic/ltxcmds\ltxcmds.sty
Package: ltxcmds 2019/12/15 v1.24 LaTeX kernel commands for general use (HO)
) (C:\Users\Andrea\AppData\Local\Programs\MiKTeX\tex/generic/iftex\iftex.sty
Package: iftex 2020/03/06 v1.0d TeX engine tests
) (C:\Users\Andrea\AppData\Local\Programs\MiKTeX\tex/generic/pdftexcmds\pdftexcmds.sty
Package: pdftexcmds 2020-06-27 v0.33 Utility functions of pdfTeX for LuaTeX (HO)
 (C:\Users\Andrea\AppData\Local\Programs\MiKTeX\tex/generic/infwarerr\infwarerr.sty
Package: infwarerr 2019/12/03 v1.5 Providing info/warning/error messages (HO)
)
Package pdftexcmds Info: \pdf@primitive is available.
Package pdftexcmds Info: \pdf@ifprimitive is available.
Package pdftexcmds Info: \pdfdraftmode found.
) (C:\Users\Andrea\AppData\Local\Programs\MiKTeX\tex/generic/kvsetkeys\kvsetkeys.sty
Package: kvsetkeys 2019/12/15 v1.18 Key value parser (HO)
) (C:\Users\Andrea\AppData\Local\Programs\MiKTeX\tex/generic/kvdefinekeys\kvdefinekeys.sty
Package: kvdefinekeys 2019-12-19 v1.6 Define keys (HO)
) (C:\Users\Andrea\AppData\Local\Programs\MiKTeX\tex/generic/pdfescape\pdfescape.sty
Package: pdfescape 2019/12/09 v1.15 Implements pdfTeX's escape features (HO)
) (C:\Users\Andrea\AppData\Local\Programs\MiKTeX\tex/latex/hycolor\hycolor.sty
Package: hycolor 2020-01-27 v1.10 Color options for hyperref/bookmark (HO)
) (C:\Users\Andrea\AppData\Local\Programs\MiKTeX\tex/latex/letltxmacro\letltxmacro.sty
Package: letltxmacro 2019/12/03 v1.6 Let assignment for LaTeX macros (HO)
) (C:\Users\Andrea\AppData\Local\Programs\MiKTeX\tex/latex/auxhook\auxhook.sty
Package: auxhook 2019-12-17 v1.6 Hooks for auxiliary files (HO)
) (C:\Users\Andrea\AppData\Local\Programs\MiKTeX\tex/latex/kvoptions\kvoptions.sty
Package: kvoptions 2019/11/29 v3.13 Key value format for package options (HO)
)
\@linkdim=\dimen151
\Hy@linkcounter=\count193
\Hy@pagecounter=\count194
 (C:\Users\Andrea\AppData\Local\Programs\MiKTeX\tex/latex/hyperref\pd1enc.def
File: pd1enc.def 2020-05-15 v7.00e Hyperref: PDFDocEncoding definition (HO)
Now handling font encoding PD1 ...
... no UTF-8 mapping file for font encoding PD1
) (C:\Users\Andrea\AppData\Local\Programs\MiKTeX\tex/generic/intcalc\intcalc.sty
Package: intcalc 2019/12/15 v1.3 Expandable calculations with integers (HO)
) (C:\Users\Andrea\AppData\Local\Programs\MiKTeX\tex/generic/etexcmds\etexcmds.sty
Package: etexcmds 2019/12/15 v1.7 Avoid name clashes with e-TeX commands (HO)
)
\Hy@SavedSpaceFactor=\count195
Package hyperref Info: Option `breaklinks' set `true' on input line 4338.


Package hyperref Warning: Option `letterpaper' is no longer used.

Package hyperref Info: Option `colorlinks' set `true' on input line 4338.
Package hyperref Info: Option `bookmarks' set `false' on input line 4338.
Package hyperref Info: Hyper figures OFF on input line 4464.
Package hyperref Info: Link nesting OFF on input line 4469.
Package hyperref Info: Hyper index ON on input line 4472.
Package hyperref Info: Plain pages OFF on input line 4479.
Package hyperref Info: Backreferencing ON on input line 4482.
Package hyperref Info: Implicit mode ON; LaTeX internals redefined.
Package hyperref Info: Bookmarks OFF on input line 4723.
(C:\Users\Andrea\AppData\Local\Programs\MiKTeX\tex/latex/hyperref\backref.sty
Package: backref 2020/01/14 v1.40 Bibliographical back referencing
 (C:\Users\Andrea\AppData\Local\Programs\MiKTeX\tex/latex/rerunfilecheck\rerunfilecheck.sty
Package: rerunfilecheck 2019/12/05 v1.9 Rerun checks for auxiliary files (HO)
 (C:\Users\Andrea\AppData\Local\Programs\MiKTeX\tex/latex/atveryend\atveryend.sty
Package: atveryend 2019-12-11 v1.11 Hooks at the very end of document (HO)
Package atveryend Info: \enddocument detected (standard20110627).
) (C:\Users\Andrea\AppData\Local\Programs\MiKTeX\tex/generic/uniquecounter\uniquecounter.sty
Package: uniquecounter 2019/12/15 v1.4 Provide unlimited unique counter (HO)
 (C:\Users\Andrea\AppData\Local\Programs\MiKTeX\tex/generic/bigintcalc\bigintcalc.sty
Package: bigintcalc 2019/12/15 v1.5 Expandable calculations on big integers (HO)
))
Package uniquecounter Info: New unique counter `rerunfilecheck' on input line 286.
))
\c@Hy@tempcnt=\count196
 (C:\Users\Andrea\AppData\Local\Programs\MiKTeX\tex/latex/url\url.sty
\Urlmuskip=\muskip17
Package: url 2013/09/16  ver 3.4  Verb mode for urls, etc.
)
LaTeX Info: Redefining \url on input line 5076.
\XeTeXLinkMargin=\dimen152
 (C:\Users\Andrea\AppData\Local\Programs\MiKTeX\tex/generic/bitset\bitset.sty
Package: bitset 2019/12/09 v1.3 Handle bit-vector datatype (HO)
)
\Fld@menulength=\count197
\Field@Width=\dimen153
\Fld@charsize=\dimen154
Package hyperref Info: Hyper figures OFF on input line 6347.
Package hyperref Info: Link nesting OFF on input line 6352.
Package hyperref Info: Hyper index ON on input line 6355.
Package hyperref Info: backreferencing ON on input line 6360.
Package hyperref Info: Link coloring ON on input line 6365.
Package hyperref Info: Link coloring with OCG OFF on input line 6372.
Package hyperref Info: PDF/A mode OFF on input line 6377.
LaTeX Info: Redefining \ref on input line 6417.
LaTeX Info: Redefining \pageref on input line 6421.
 (C:\Users\Andrea\AppData\Local\Programs\MiKTeX\tex/generic/atbegshi\atbegshi.sty
Package: atbegshi 2019/12/05 v1.19 At begin shipout hook (HO)
)
\Hy@abspage=\count198
\c@Item=\count199
\c@Hfootnote=\count266
)
Package hyperref Info: Driver (autodetected): hpdftex.
 (C:\Users\Andrea\AppData\Local\Programs\MiKTeX\tex/latex/hyperref\hpdftex.def
File: hpdftex.def 2020-05-15 v7.00e Hyperref driver for pdfTeX
\Fld@listcount=\count267
\c@bookmark@seq@number=\count268
\Hy@SectionHShift=\skip54
) (C:\Users\Andrea\AppData\Local\Programs\MiKTeX\tex/latex/l3backend\l3backend-pdfmode.def
File: l3backend-pdfmode.def 2020-06-29 L3 backend support: PDF mode
\l__kernel_color_stack_int=\count269
\l__pdf_internal_box=\box49
) (egpaper_final.aux)
\openout1 = `egpaper_final.aux'.

LaTeX Font Info:    Checking defaults for OML/cmm/m/it on input line 24.
LaTeX Font Info:    ... okay on input line 24.
LaTeX Font Info:    Checking defaults for OMS/cmsy/m/n on input line 24.
LaTeX Font Info:    ... okay on input line 24.
LaTeX Font Info:    Checking defaults for OT1/cmr/m/n on input line 24.
LaTeX Font Info:    ... okay on input line 24.
LaTeX Font Info:    Checking defaults for T1/cmr/m/n on input line 24.
LaTeX Font Info:    ... okay on input line 24.
LaTeX Font Info:    Checking defaults for TS1/cmr/m/n on input line 24.
LaTeX Font Info:    ... okay on input line 24.
LaTeX Font Info:    Checking defaults for OMX/cmex/m/n on input line 24.
LaTeX Font Info:    ... okay on input line 24.
LaTeX Font Info:    Checking defaults for U/cmr/m/n on input line 24.
LaTeX Font Info:    ... okay on input line 24.
LaTeX Font Info:    Checking defaults for PD1/pdf/m/n on input line 24.
LaTeX Font Info:    ... okay on input line 24.
LaTeX Font Info:    Trying to load font information for OT1+ptm on input line 24.
 (C:\Users\Andrea\AppData\Local\Programs\MiKTeX\tex/latex/psnfss\ot1ptm.fd
File: ot1ptm.fd 2001/06/04 font definitions for OT1/ptm.
) ABD: EveryShipout initializing macros (C:\Users\Andrea\AppData\Local\Programs\MiKTeX\tex/latex/graphics\color.sty
Package: color 2019/11/23 v1.2a Standard LaTeX Color (DPC)
 (C:\Users\Andrea\AppData\Local\Programs\MiKTeX\tex/latex/graphics-cfg\color.cfg
File: color.cfg 2016/01/02 v1.6 sample color configuration
)
Package color Info: Driver file: pdftex.def on input line 147.
) (C:\Users\Andrea\AppData\Local\Programs\MiKTeX\tex/context/base/mkii\supp-pdf.mkii
[Loading MPS to PDF converter (version 2006.09.02).]
\scratchcounter=\count270
\scratchdimen=\dimen155
\scratchbox=\box50
\nofMPsegments=\count271
\nofMParguments=\count272
\everyMPshowfont=\toks21
\MPscratchCnt=\count273
\MPscratchDim=\dimen156
\MPnumerator=\count274
\makeMPintoPDFobject=\count275
\everyMPtoPDFconversion=\toks22
) (C:\Users\Andrea\AppData\Local\Programs\MiKTeX\tex/latex/epstopdf-pkg\epstopdf-base.sty
Package: epstopdf-base 2020-01-24 v2.11 Base part for package epstopdf
Package epstopdf-base Info: Redefining graphics rule for `.eps' on input line 485.
)
\AtBeginShipoutBox=\box51
Package atbegshi Info: Package `everyshi' patched.
Package hyperref Info: Link coloring ON on input line 24.
 (C:\Users\Andrea\AppData\Local\Programs\MiKTeX\tex/latex/hyperref\nameref.sty
Package: nameref 2019/09/16 v2.46 Cross-referencing by name of section
 (C:\Users\Andrea\AppData\Local\Programs\MiKTeX\tex/latex/refcount\refcount.sty
Package: refcount 2019/12/15 v3.6 Data extraction from label references (HO)
) (C:\Users\Andrea\AppData\Local\Programs\MiKTeX\tex/generic/gettitlestring\gettitlestring.sty
Package: gettitlestring 2019/12/15 v1.6 Cleanup title references (HO)
)
\c@section@level=\count276
)
LaTeX Info: Redefining \ref on input line 24.
LaTeX Info: Redefining \pageref on input line 24.
LaTeX Info: Redefining \nameref on input line 24.
LaTeX Font Info:    Trying to load font information for U+msa on input line 35.
 (C:\Users\Andrea\AppData\Local\Programs\MiKTeX\tex/latex/amsfonts\umsa.fd
File: umsa.fd 2013/01/14 v3.01 AMS symbols A
)
LaTeX Font Info:    Trying to load font information for U+msb on input line 35.
 (C:\Users\Andrea\AppData\Local\Programs\MiKTeX\tex/latex/amsfonts\umsb.fd
File: umsb.fd 2013/01/14 v3.01 AMS symbols B
)
LaTeX Font Info:    Trying to load font information for OT1+pcr on input line 35.
 (C:\Users\Andrea\AppData\Local\Programs\MiKTeX\tex/latex/psnfss\ot1pcr.fd
File: ot1pcr.fd 2001/06/04 font definitions for OT1/pcr.
)
LaTeX Font Info:    Trying to load font information for TS1+ptm on input line 66.
 (C:\Users\Andrea\AppData\Local\Programs\MiKTeX\tex/latex/psnfss\ts1ptm.fd
File: ts1ptm.fd 2001/06/04 font definitions for TS1/ptm.
) [1{C:/Users/Andrea/AppData/Local/MiKTeX/pdftex/config/pdftex.map}


]
<./Resources/Img_Defect1.png, id=21, 797.22844pt x 127.97812pt>
File: ./Resources/Img_Defect1.png Graphic file (type png)
<use ./Resources/Img_Defect1.png>
Package pdftex.def Info: ./Resources/Img_Defect1.png  used on input line 106.
(pdftex.def)             Requested size: 199.30663pt x 31.99445pt.
<./Resources/Img_Defect2.png, id=22, 797.98125pt x 127.97812pt>
File: ./Resources/Img_Defect2.png Graphic file (type png)
<use ./Resources/Img_Defect2.png>
Package pdftex.def Info: ./Resources/Img_Defect2.png  used on input line 108.
(pdftex.def)             Requested size: 199.49481pt x 31.99445pt.
<./Resources/Img_Defect3.png, id=23, 797.98125pt x 127.22531pt>
File: ./Resources/Img_Defect3.png Graphic file (type png)
<use ./Resources/Img_Defect3.png>
Package pdftex.def Info: ./Resources/Img_Defect3.png  used on input line 110.
(pdftex.def)             Requested size: 199.49481pt x 31.80624pt.
<./Resources/Img_Defect4.png, id=24, 797.98125pt x 128.73094pt>
File: ./Resources/Img_Defect4.png Graphic file (type png)
<use ./Resources/Img_Defect4.png>
Package pdftex.def Info: ./Resources/Img_Defect4.png  used on input line 112.
(pdftex.def)             Requested size: 199.49481pt x 32.18265pt.
<./Resources/Img_ClassImbalance.png, id=26, 552.56438pt x 107.65219pt>
File: ./Resources/Img_ClassImbalance.png Graphic file (type png)
<use ./Resources/Img_ClassImbalance.png>
Package pdftex.def Info: ./Resources/Img_ClassImbalance.png  used on input line 121.
(pdftex.def)             Requested size: 276.28151pt x 53.82596pt.

Overfull \hbox (39.14557pt too wide) in paragraph at lines 121--122
 [][] 
 []

[2 <./Resources/Img_Defect1.png> <./Resources/Img_Defect2.png> <./Resources/Img_Defect3.png> <./Resources/Img_Defect4.png> <./Resources/Img_ClassImbalance.png>] [3] (egpaper_final.bbl (egpaper_final.brf)
\tf@brf=\write3
\openout3 = `egpaper_final.brf'.


Underfull \hbox (badness 10000) in paragraph at lines 16--16
[]\OT1/ptm/m/n/9 Bryan Gaensler.  Tweet, 2018.
 []


Underfull \hbox (badness 10000) in paragraph at lines 16--16
\OT1/ptm/m/n/9 https://twitter.com/SciBry/status/989623027393531905.
 []


Underfull \hbox (badness 10000) in paragraph at lines 21--21
[]\OT1/ptm/m/n/9 Jacob Stein-hardt.  Ad-vice for Au-thors, 2018.
 []


Underfull \hbox (badness 10000) in paragraph at lines 21--21
\OT1/ptm/m/n/9 https://jsteinhardt.wordpress.com/2017/02/28/advice-for-
 []


Underfull \hbox (badness 10000) in paragraph at lines 28--28
[]\OT1/ptm/m/n/9 Zachary C. Lip-ton.  Heuris-tics for Sci-en-tific
 []


Underfull \hbox (badness 10000) in paragraph at lines 28--28
\OT1/ptm/m/n/9 Writ-ing (a Ma-chine Learn-ing Per-spec-tive), 2018.
 []


Underfull \hbox (badness 10000) in paragraph at lines 28--28
\OT1/ptm/m/n/9 http://approximatelycorrect.com/2018/01/29/heuristics-
 []


Underfull \hbox (badness 10000) in paragraph at lines 28--28
\OT1/ptm/m/n/9 technical-scientific-writing-machine-learning-perspective/.
 []

)
Package atveryend Info: Empty hook `BeforeClearDocument' on input line 264.
 [4]
Package atveryend Info: Empty hook `AfterLastShipout' on input line 264.
 (egpaper_final.aux)
Package atveryend Info: Executing hook `AtVeryEndDocument' on input line 264.
Package atveryend Info: Executing hook `AtEndAfterFileList' on input line 264.
Package rerunfilecheck Info: File `egpaper_final.brf' has not changed.
(rerunfilecheck)             Checksum: 1874B73123E0067F239EFF7AF18869C9;193.
Package atveryend Info: Empty hook `AtVeryVeryEnd' on input line 264.
 ) 
Here is how much of TeX's memory you used:
 6921 strings out of 481225
 104566 string characters out of 2905705
 370315 words of memory out of 3000000
 22292 multiletter control sequences out of 15000+200000
 563421 words of font info for 91 fonts, out of 3000000 for 9000
 1141 hyphenation exceptions out of 8191
 56i,12n,45p,761b,344s stack positions out of 5000i,500n,10000p,200000b,50000s
{C:/Users/Andrea/AppData/Local/Programs/MiKTeX/fonts/enc/dvips/base/8r.enc}<C:/Users/Andrea/AppData/Local/Programs/MiKTeX/fonts/type1/public/amsfonts/cm/cmmi9.pfb><C:/Users/Andrea/AppData/Local/Programs/MiKTeX/fonts/type1/public/amsfonts/cm/cmr9.pfb><C:/Users/Andrea/AppData/Local/Programs/MiKTeX/fonts/type1/public/amsfonts/cm/cmsy10.pfb><C:/Users/Andrea/AppData/Local/Programs/MiKTeX/fonts/type1/urw/courier/ucrr8a.pfb><C:/Users/Andrea/AppData/Local/Programs/MiKTeX/fonts/type1/urw/times/utmb8a.pfb><C:/Users/Andrea/AppData/Local/Programs/MiKTeX/fonts/type1/urw/times/utmr8a.pfb><C:/Users/Andrea/AppData/Local/Programs/MiKTeX/fonts/type1/urw/times/utmri8a.pfb>
Output written on egpaper_final.pdf (4 pages, 802152 bytes).
PDF statistics:
 119 PDF objects out of 1000 (max. 8388607)
 42 named destinations out of 1000 (max. 500000)
 26 words of extra memory for PDF output out of 10000 (max. 10000000)

